#
# There is insufficient memory for the Java Runtime Environment to continue.
# Native memory allocation (malloc) failed to allocate 1410496 bytes for Chunk::new
# Possible reasons:
#   The system is out of physical RAM or swap space
#   In 32 bit mode, the process size limit was hit
# Possible solutions:
#   Reduce memory load on the system
#   Increase physical memory or swap space
#   Check if swap backing store is full
#   Use 64 bit Java on a 64 bit OS
#   Decrease Java heap size (-Xmx/-Xms)
#   Decrease number of Java threads
#   Decrease Java thread stack sizes (-Xss)
#   Set larger code cache with -XX:ReservedCodeCacheSize=
# This output file may be truncated or incomplete.
#
#  Out of Memory Error (allocation.cpp:323), pid=12944, tid=12940
#
# JRE version: Java(TM) SE Runtime Environment (7.0_79-b15) (build 1.7.0_79-b15)
# Java VM: Java HotSpot(TM) 64-Bit Server VM (24.79-b02 mixed mode windows-amd64 compressed oops)
# Failed to write core dump. Minidumps are not enabled by default on client versions of Windows
#

---------------  T H R E A D  ---------------

Current thread (0x000000000a845800):  JavaThread "C2 CompilerThread0" daemon [_thread_in_native, id=12940, stack(0x000000000bdc0000,0x000000000bec0000)]

Stack: [0x000000000bdc0000,0x000000000bec0000]
[error occurred during error reporting (printing stack bounds), id 0xc0000005]


[error occurred during error reporting (printing native stack), id 0xc0000005]


Current CompileTask:
C2:   5560  428             com.android.dx.rop.code.Rops::ropFor (771 bytes)


---------------  P R O C E S S  ---------------

Java Threads: ( => current thread )
  0x000000000c4e4800 JavaThread "pool-2-thread-4" [_thread_in_Java, id=12164, stack(0x000000000c9c0000,0x000000000cac0000)]
  0x000000000c429000 JavaThread "pool-2-thread-3" [_thread_in_vm, id=14920, stack(0x000000000c8c0000,0x000000000c9c0000)]
  0x000000000c428800 JavaThread "pool-2-thread-2" [_thread_in_Java, id=16948, stack(0x000000000c7c0000,0x000000000c8c0000)]
  0x000000000c427800 JavaThread "pool-3-thread-1" [_thread_blocked, id=17068, stack(0x000000000c6c0000,0x000000000c7c0000)]
  0x000000000c42d800 JavaThread "pool-2-thread-1" [_thread_in_Java, id=13400, stack(0x000000000c5c0000,0x000000000c6c0000)]
  0x000000000a856000 JavaThread "Service Thread" daemon [_thread_blocked, id=8936, stack(0x000000000bfc0000,0x000000000c0c0000)]
  0x000000000a853800 JavaThread "C2 CompilerThread1" daemon [_thread_in_native, id=4764, stack(0x000000000bec0000,0x000000000bfc0000)]
=>0x000000000a845800 JavaThread "C2 CompilerThread0" daemon [_thread_in_native, id=12940, stack(0x000000000bdc0000,0x000000000bec0000)]
  0x000000000a844800 JavaThread "Attach Listener" daemon [_thread_blocked, id=14276, stack(0x000000000bcc0000,0x000000000bdc0000)]
  0x000000000a841800 JavaThread "Signal Dispatcher" daemon [_thread_blocked, id=12904, stack(0x000000000bbc0000,0x000000000bcc0000)]
  0x000000000a809800 JavaThread "Finalizer" daemon [_thread_blocked, id=15652, stack(0x000000000bac0000,0x000000000bbc0000)]
  0x000000000a806000 JavaThread "Reference Handler" daemon [_thread_blocked, id=15216, stack(0x000000000b9c0000,0x000000000bac0000)]
  0x000000000478e800 JavaThread "main" [_thread_blocked, id=16032, stack(0x00000000047b0000,0x00000000048b0000)]

Other Threads:
  0x000000000a802000 VMThread [stack: 0x000000000b8c0000,0x000000000b9c0000] [id=13120]
  0x000000000a864000 WatcherThread [stack: 0x000000000c0c0000,0x000000000c1c0000] [id=8088]

VM state:not at safepoint (normal execution)

VM Mutex/Monitor currently owned by a thread: None

Heap
 PSYoungGen      total 37376K, used 12497K [0x00000000eaa80000, 0x00000000ef380000, 0x0000000100000000)
  eden space 32256K, 22% used [0x00000000eaa80000,0x00000000eb1ba218,0x00000000eca00000)
  from space 5120K, 99% used [0x00000000eca00000,0x00000000ecefa480,0x00000000ecf00000)
  to   space 5120K, 0% used [0x00000000eee80000,0x00000000eee80000,0x00000000ef380000)
 ParOldGen       total 83968K, used 10616K [0x00000000c0000000, 0x00000000c5200000, 0x00000000eaa80000)
  object space 83968K, 12% used [0x00000000c0000000,0x00000000c0a5e1c8,0x00000000c5200000)
 PSPermGen       total 21504K, used 5951K [0x00000000bae00000, 0x00000000bc300000, 0x00000000c0000000)
  object space 21504K, 27% used [0x00000000bae00000,0x00000000bb3cffb0,0x00000000bc300000)

Card table byte_map: [0x0000000007a70000,0x0000000007ca0000] byte_map_base: 0x0000000007499000

Polling page: 0x0000000004700000

Code Cache  [0x00000000049b0000, 0x0000000004c20000, 0x00000000079b0000)
 total_blobs=673 nmethods=436 adapters=189 free_code_cache=47433Kb largest_free_block=48510336

Compilation events (10 events):
Event: 5.475 Thread 0x000000000a853800 nmethod 438 0x0000000004a95050 code [0x0000000004a951e0, 0x0000000004a956a8]
Event: 5.475 Thread 0x000000000a853800  439             com.android.dx.rop.type.StdTypeList::get (9 bytes)
Event: 5.477 Thread 0x000000000a853800 nmethod 439 0x0000000004a7a710 code [0x0000000004a7a860, 0x0000000004a7a918]
Event: 5.477 Thread 0x000000000a853800  440             com.android.dx.rop.type.Type::isConstant (2 bytes)
Event: 5.477 Thread 0x000000000a853800 nmethod 440 0x0000000004a7a510 code [0x0000000004a7a640, 0x0000000004a7a698]
Event: 5.477 Thread 0x000000000a853800  441             com.android.dx.rop.code.LocalVariableExtractor::doit (49 bytes)
Event: 5.482 Thread 0x000000000a853800 nmethod 441 0x0000000004b5b6d0 code [0x0000000004b5b820, 0x0000000004b5b9a8]
Event: 5.482 Thread 0x000000000a853800  442             com.android.dx.dex.code.BlockAddresses::setupArrays (113 bytes)
Event: 5.499 Thread 0x000000000a853800 nmethod 442 0x0000000004b5c250 code [0x0000000004b5c400, 0x0000000004b5caf8]
Event: 5.500 Thread 0x000000000a853800  443             com.android.dx.dex.code.RopTranslator::outputInstructions (69 bytes)

GC Heap History (6 events):
Event: 1.965 GC heap before
{Heap before GC invocations=1 (full 0):
 PSYoungGen      total 37376K, used 32256K [0x00000000eaa80000, 0x00000000ed400000, 0x0000000100000000)
  eden space 32256K, 100% used [0x00000000eaa80000,0x00000000eca00000,0x00000000eca00000)
  from space 5120K, 0% used [0x00000000ecf00000,0x00000000ecf00000,0x00000000ed400000)
  to   space 5120K, 0% used [0x00000000eca00000,0x00000000eca00000,0x00000000ecf00000)
 ParOldGen       total 83968K, used 0K [0x00000000c0000000, 0x00000000c5200000, 0x00000000eaa80000)
  object space 83968K, 0% used [0x00000000c0000000,0x00000000c0000000,0x00000000c5200000)
 PSPermGen       total 21504K, used 5796K [0x00000000bae00000, 0x00000000bc300000, 0x00000000c0000000)
  object space 21504K, 26% used [0x00000000bae00000,0x00000000bb3a92d0,0x00000000bc300000)
Event: 1.981 GC heap after
Heap after GC invocations=1 (full 0):
 PSYoungGen      total 37376K, used 5097K [0x00000000eaa80000, 0x00000000ed400000, 0x0000000100000000)
  eden space 32256K, 0% used [0x00000000eaa80000,0x00000000eaa80000,0x00000000eca00000)
  from space 5120K, 99% used [0x00000000eca00000,0x00000000ecefa728,0x00000000ecf00000)
  to   space 5120K, 0% used [0x00000000ecf00000,0x00000000ecf00000,0x00000000ed400000)
 ParOldGen       total 83968K, used 1063K [0x00000000c0000000, 0x00000000c5200000, 0x00000000eaa80000)
  object space 83968K, 1% used [0x00000000c0000000,0x00000000c0109e58,0x00000000c5200000)
 PSPermGen       total 21504K, used 5796K [0x00000000bae00000, 0x00000000bc300000, 0x00000000c0000000)
  object space 21504K, 26% used [0x00000000bae00000,0x00000000bb3a92d0,0x00000000bc300000)
}
Event: 4.475 GC heap before
{Heap before GC invocations=2 (full 0):
 PSYoungGen      total 37376K, used 37353K [0x00000000eaa80000, 0x00000000ed400000, 0x0000000100000000)
  eden space 32256K, 100% used [0x00000000eaa80000,0x00000000eca00000,0x00000000eca00000)
  from space 5120K, 99% used [0x00000000eca00000,0x00000000ecefa728,0x00000000ecf00000)
  to   space 5120K, 0% used [0x00000000ecf00000,0x00000000ecf00000,0x00000000ed400000)
 ParOldGen       total 83968K, used 1063K [0x00000000c0000000, 0x00000000c5200000, 0x00000000eaa80000)
  object space 83968K, 1% used [0x00000000c0000000,0x00000000c0109e58,0x00000000c5200000)
 PSPermGen       total 21504K, used 5911K [0x00000000bae00000, 0x00000000bc300000, 0x00000000c0000000)
  object space 21504K, 27% used [0x00000000bae00000,0x00000000bb3c5f50,0x00000000bc300000)
Event: 4.503 GC heap after
Heap after GC invocations=2 (full 0):
 PSYoungGen      total 37376K, used 5112K [0x00000000eaa80000, 0x00000000ed400000, 0x0000000100000000)
  eden space 32256K, 0% used [0x00000000eaa80000,0x00000000eaa80000,0x00000000eca00000)
  from space 5120K, 99% used [0x00000000ecf00000,0x00000000ed3fe1a0,0x00000000ed400000)
  to   space 5120K, 0% used [0x00000000eca00000,0x00000000eca00000,0x00000000ecf00000)
 ParOldGen       total 83968K, used 5225K [0x00000000c0000000, 0x00000000c5200000, 0x00000000eaa80000)
  object space 83968K, 6% used [0x00000000c0000000,0x00000000c051a710,0x00000000c5200000)
 PSPermGen       total 21504K, used 5911K [0x00000000bae00000, 0x00000000bc300000, 0x00000000c0000000)
  object space 21504K, 27% used [0x00000000bae00000,0x00000000bb3c5f50,0x00000000bc300000)
}
Event: 5.329 GC heap before
{Heap before GC invocations=3 (full 0):
 PSYoungGen      total 37376K, used 37368K [0x00000000eaa80000, 0x00000000ed400000, 0x0000000100000000)
  eden space 32256K, 100% used [0x00000000eaa80000,0x00000000eca00000,0x00000000eca00000)
  from space 5120K, 99% used [0x00000000ecf00000,0x00000000ed3fe1a0,0x00000000ed400000)
  to   space 5120K, 0% used [0x00000000eca00000,0x00000000eca00000,0x00000000ecf00000)
 ParOldGen       total 83968K, used 5225K [0x00000000c0000000, 0x00000000c5200000, 0x00000000eaa80000)
  object space 83968K, 6% used [0x00000000c0000000,0x00000000c051a710,0x00000000c5200000)
 PSPermGen       total 21504K, used 5940K [0x00000000bae00000, 0x00000000bc300000, 0x00000000c0000000)
  object space 21504K, 27% used [0x00000000bae00000,0x00000000bb3cd2e8,0x00000000bc300000)
Event: 5.354 GC heap after
Heap after GC invocations=3 (full 0):
 PSYoungGen      total 37376K, used 5097K [0x00000000eaa80000, 0x00000000ef380000, 0x0000000100000000)
  eden space 32256K, 0% used [0x00000000eaa80000,0x00000000eaa80000,0x00000000eca00000)
  from space 5120K, 99% used [0x00000000eca00000,0x00000000ecefa480,0x00000000ecf00000)
  to   space 5120K, 0% used [0x00000000eee80000,0x00000000eee80000,0x00000000ef380000)
 ParOldGen       total 83968K, used 10616K [0x00000000c0000000, 0x00000000c5200000, 0x00000000eaa80000)
  object space 83968K, 12% used [0x00000000c0000000,0x00000000c0a5e1c8,0x00000000c5200000)
 PSPermGen       total 21504K, used 5940K [0x00000000bae00000, 0x00000000bc300000, 0x00000000c0000000)
  object space 21504K, 27% used [0x00000000bae00000,0x00000000bb3cd2e8,0x00000000bc300000)
}

Deoptimization events (10 events):
Event: 3.791 Thread 0x000000000c4e4800 Uncommon trap: reason=unreached action=reinterpret pc=0x0000000004adae34 method=com.android.dx.util.LabeledList.set(ILcom/android/dx/util/LabeledItem;)V @ 16
Event: 3.791 Thread 0x000000000c4e4800 Uncommon trap: reason=unreached action=reinterpret pc=0x0000000004a9f038 method=com.android.dx.util.LabeledList.set(ILcom/android/dx/util/LabeledItem;)V @ 16
Event: 3.996 Thread 0x000000000c429000 Uncommon trap: reason=unreached action=reinterpret pc=0x0000000004a8cf40 method=com.android.dx.ssa.SCCP.simulateBranch(Lcom/android/dx/ssa/SsaInsn;)V @ 132
Event: 4.177 Thread 0x000000000478e800 Uncommon trap: reason=uninitialized action=reinterpret pc=0x0000000004af0eb8 method=com.android.dx.cf.code.BytecodeArray.parseInstruction(ILcom/android/dx/cf/code/BytecodeArray$Visitor;)I @ 999
Event: 4.401 Thread 0x000000000478e800 Uncommon trap: reason=unloaded action=reinterpret pc=0x0000000004ae2b48 method=com.android.dx.cf.cst.ConstantPoolParser.parse0(ILjava/util/BitSet;)Lcom/android/dx/rop/cst/Constant; @ 198
Event: 4.422 Thread 0x000000000c42d800 Uncommon trap: reason=unreached action=reinterpret pc=0x0000000004a2ebc4 method=com.android.dx.rop.cst.Constant.compareTo(Lcom/android/dx/rop/cst/Constant;)I @ 12
Event: 4.678 Thread 0x000000000c42d800 Uncommon trap: reason=unreached action=reinterpret pc=0x0000000004a6b374 method=com.android.dx.ssa.LocalVariableExtractor.processBlock(I)V @ 251
Event: 5.127 Thread 0x000000000c429000 Uncommon trap: reason=class_check action=maybe_recompile pc=0x0000000004ac29c4 method=com.android.dx.cf.code.Ropper.processBlock(Lcom/android/dx/cf/code/ByteBlock;Lcom/android/dx/cf/code/Frame;[I)V @ 777
Event: 5.261 Thread 0x000000000c429000 Uncommon trap: reason=class_check action=maybe_recompile pc=0x0000000004ac29c4 method=com.android.dx.cf.code.Ropper.processBlock(Lcom/android/dx/cf/code/ByteBlock;Lcom/android/dx/cf/code/Frame;[I)V @ 777
Event: 5.373 Thread 0x000000000478e800 Uncommon trap: reason=unloaded action=reinterpret pc=0x0000000004b07700 method=com.android.dx.ssa.LiteralOpUpgrader$1.visitNonMoveInsn(Lcom/android/dx/ssa/NormalSsaInsn;)V @ 72

Internal exceptions (10 events):
Event: 1.295 Thread 0x000000000c428800 Threw 0x00000000ebabdb28 at C:\re\jdk7u79\2331\hotspot\src\share\vm\prims\jvm.cpp:1304
Event: 1.320 Thread 0x000000000c429000 Threw 0x00000000ebd35268 at C:\re\jdk7u79\2331\hotspot\src\share\vm\prims\jvm.cpp:1304
Event: 1.395 Thread 0x000000000478e800 Threw 0x00000000ebd0b018 at C:\re\jdk7u79\2331\hotspot\src\share\vm\prims\jvm.cpp:1304
Event: 1.398 Thread 0x000000000478e800 Implicit null exception at 0x0000000004a34398 to 0x0000000004a34799
Event: 1.400 Thread 0x000000000478e800 Threw 0x00000000ebe5ec00 at C:\re\jdk7u79\2331\hotspot\src\share\vm\prims\jvm.cpp:1304
Event: 2.100 Thread 0x000000000c4e4800 Implicit null exception at 0x0000000004a6f110 to 0x0000000004a704d5
Event: 2.173 Thread 0x000000000478e800 Implicit null exception at 0x0000000004a7a847 to 0x0000000004a7af25
Event: 2.301 Thread 0x000000000478e800 Threw 0x00000000eb71bb10 at C:\re\jdk7u79\2331\hotspot\src\share\vm\prims\jvm.cpp:1304
Event: 5.097 Thread 0x000000000c428800 Threw 0x00000000ec0a6b08 at C:\re\jdk7u79\2331\hotspot\src\share\vm\prims\jvm.cpp:1304
Event: 5.374 Thread 0x000000000478e800 Threw 0x00000000eac35390 at C:\re\jdk7u79\2331\hotspot\src\share\vm\prims\jvm.cpp:1304

Events (10 events):
Event: 5.378 Executing VM operation: RevokeBias done
Event: 5.381 Executing VM operation: RevokeBias
Event: 5.381 Executing VM operation: RevokeBias done
Event: 5.381 Executing VM operation: RevokeBias
Event: 5.382 Executing VM operation: RevokeBias done
Event: 5.382 Executing VM operation: BulkRevokeBias
Event: 5.382 Executing VM operation: BulkRevokeBias done
Event: 5.383 Thread 0x000000000a853800 flushing nmethod 0x0000000004a6e550
Event: 5.383 Thread 0x000000000a853800 flushing nmethod 0x0000000004a7a150
Event: 5.415 Thread 0x000000000a853800 flushing nmethod 0x0000000004a92a50


Dynamic libraries:
0x00007ff6c7fc0000 - 0x00007ff6c7ff3000 	C:\Program Files\Java\jdk1.7.0_79\bin\java.exe
0x00007ffe29dd0000 - 0x00007ffe29fb0000 	C:\WINDOWS\SYSTEM32\ntdll.dll
0x00007ffe29aa0000 - 0x00007ffe29b4e000 	C:\WINDOWS\System32\KERNEL32.DLL
0x00007ffe26cd0000 - 0x00007ffe26f36000 	C:\WINDOWS\System32\KERNELBASE.dll
0x00007ffe27830000 - 0x00007ffe278d1000 	C:\WINDOWS\System32\ADVAPI32.dll
0x00007ffe27d30000 - 0x00007ffe27dcd000 	C:\WINDOWS\System32\msvcrt.dll
0x00007ffe27fd0000 - 0x00007ffe2802b000 	C:\WINDOWS\System32\sechost.dll
0x00007ffe27500000 - 0x00007ffe2761f000 	C:\WINDOWS\System32\RPCRT4.dll
0x00007ffe272a0000 - 0x00007ffe2742f000 	C:\WINDOWS\System32\USER32.dll
0x00007ffe27200000 - 0x00007ffe27220000 	C:\WINDOWS\System32\win32u.dll
0x00007ffe27fa0000 - 0x00007ffe27fc8000 	C:\WINDOWS\System32\GDI32.dll
0x00007ffe262e0000 - 0x00007ffe26473000 	C:\WINDOWS\System32\gdi32full.dll
0x00007ffe26f90000 - 0x00007ffe2702b000 	C:\WINDOWS\System32\msvcp_win.dll
0x00007ffe26480000 - 0x00007ffe26576000 	C:\WINDOWS\System32\ucrtbase.dll
0x00007ffe155f0000 - 0x00007ffe15859000 	C:\WINDOWS\WinSxS\amd64_microsoft.windows.common-controls_6595b64144ccf1df_6.0.16299.492_none_15c8d3609364b9b0\COMCTL32.dll
0x00007ffe28340000 - 0x00007ffe28647000 	C:\WINDOWS\System32\combase.dll
0x00007ffe27220000 - 0x00007ffe27292000 	C:\WINDOWS\System32\bcryptPrimitives.dll
0x00007ffe274b0000 - 0x00007ffe274dd000 	C:\WINDOWS\System32\IMM32.DLL
0x00000000673d0000 - 0x00000000674a2000 	C:\Program Files\Java\jdk1.7.0_79\jre\bin\msvcr100.dll
0x0000000064ec0000 - 0x0000000065695000 	C:\Program Files\Java\jdk1.7.0_79\jre\bin\server\jvm.dll
0x00007ffe29d90000 - 0x00007ffe29d98000 	C:\WINDOWS\System32\PSAPI.DLL
0x00007ffe14dd0000 - 0x00007ffe14dd9000 	C:\WINDOWS\SYSTEM32\WSOCK32.dll
0x00007ffe1bb50000 - 0x00007ffe1bb73000 	C:\WINDOWS\SYSTEM32\WINMM.dll
0x00007ffe27f30000 - 0x00007ffe27f9c000 	C:\WINDOWS\System32\WS2_32.dll
0x00007ffe1bb20000 - 0x00007ffe1bb4a000 	C:\WINDOWS\SYSTEM32\WINMMBASE.dll
0x00007ffe26f40000 - 0x00007ffe26f8a000 	C:\WINDOWS\System32\cfgmgr32.dll
0x0000000067dc0000 - 0x0000000067dcf000 	C:\Program Files\Java\jdk1.7.0_79\jre\bin\verify.dll
0x00000000673a0000 - 0x00000000673c8000 	C:\Program Files\Java\jdk1.7.0_79\jre\bin\java.dll
0x0000000067380000 - 0x0000000067395000 	C:\Program Files\Java\jdk1.7.0_79\jre\bin\zip.dll
0x0000000064ea0000 - 0x0000000064eba000 	C:\Program Files\Java\jdk1.7.0_79\jre\bin\net.dll
0x00007ffe259b0000 - 0x00007ffe25a16000 	C:\WINDOWS\system32\mswsock.dll
0x0000000064e80000 - 0x0000000064e91000 	C:\Program Files\Java\jdk1.7.0_79\jre\bin\nio.dll

VM Arguments:
jvm_args: -Djava.awt.headless=true -Xmx1024M -Dfile.encoding=windows-1252 -Duser.country=US -Duser.language=en -Duser.variant 
java_command: com.android.dx.command.Main --dex --force-jumbo --num-threads=4 --multi-dex --output C:\Drives\Study\Clemson\Android_Apps\CVDemoApp\app\build\intermediates\transforms\dex\debug\folders\1000\10\com.android.support-appcompat-v7-23.4.0_35cff5961ce28bdfcbcd79e4161dc3a5b88c115e C:\Drives\Study\Clemson\Android_Apps\CVDemoApp\app\build\intermediates\exploded-aar\com.android.support\appcompat-v7\23.4.0\jars\classes.jar
Launcher Type: SUN_STANDARD

Environment Variables:
PATH=C:\ProgramData\Oracle\Java\javapath;C:\Program Files (x86)\Intel\iCLS Client\;C:\Program Files\Intel\iCLS Client\;C:\WINDOWS\system32;C:\WINDOWS;C:\WINDOWS\System32\Wbem;C:\WINDOWS\System32\WindowsPowerShell\v1.0\;C:\Program Files\Intel\Intel(R) Management Engine Components\DAL;C:\Program Files (x86)\Intel\Intel(R) Management Engine Components\DAL;C:\Program Files\Intel\Intel(R) Management Engine Components\IPT;C:\Program Files (x86)\Intel\Intel(R) Management Engine Components\IPT;C:\Program Files\Intel\WiFi\bin\;C:\Program Files\Common Files\Intel\WirelessCommon\;C:\Program Files (x86)\Common Files\Lenovo;C:\Program Files (x86)\Common Files\lenovo\easyplussdk\bin;C:\ProgramData\Lenovo\ReadyApps;C:\Program Files (x86)\PharosSystems\Core;C:\Program Files\Microsoft SQL Server\130\Tools\Binn\;C:\Program Files\Git\cmd;C:\Program Files (x86)\GNU\GnuPG\pub;C:\Users\Mahfuz\src\sumo-0.25.0\bin;C:\Users\Mahfuz\src\sumo-0.25.0\tools;C:\Program Files (x86)\DLR\Sumo\bin\;C:\Program Files (x86)\DLR\Sumo\tools\;C:\Program Files\PuTTY\;C:\Program Files (x86)\Skype\Phone\;OPENCV_DIR\bin;C:\TDM-GCC-64\bin;C:\MinGW\bin;C:\WINDOWS\system32\config\systemprofile\.dnx\bin;C:\Program Files\Microsoft DNX\Dnvm\;C:\Program Files (x86)\SSH Communications Security\SSH Secure Shell;C:\Python27\Scripts;C:\Users\Mahfuz\AppData\Local\Microsoft\WindowsApps;C:\Users\Mahfuz\Documents\Anaconda;C:\Users\Mahfuz\Documents\Anaconda\Scripts;C:\opencv\build\x64\vc14\bin;C:\MinGW\bin;
USERNAME=mdmhafi
OS=Windows_NT
PROCESSOR_IDENTIFIER=Intel64 Family 6 Model 69 Stepping 1, GenuineIntel



---------------  S Y S T E M  ---------------

OS: Windows 8.1 , 64 bit Build 9600 

CPU:total 4 (2 cores per cpu, 2 threads per core) family 6 model 69 stepping 1, cmov, cx8, fxsr, mmx, sse, sse2, sse3, ssse3, sse4.1, sse4.2, popcnt, avx, avx2, aes, erms, ht, tsc, tscinvbit

Memory: 4k page, physical 8079644k(1142624k free), swap 8079644k(5868k free)

vm_info: Java HotSpot(TM) 64-Bit Server VM (24.79-b02) for windows-amd64 JRE (1.7.0_79-b15), built on Apr 10 2015 12:36:16 by "java_re" with unknown MS VC++:1600

time: Sun Jun 17 18:25:00 2018
elapsed time: 5 seconds

