#
# There is insufficient memory for the Java Runtime Environment to continue.
# Native memory allocation (malloc) failed to allocate 50816 bytes for Chunk::new
# Possible reasons:
#   The system is out of physical RAM or swap space
#   In 32 bit mode, the process size limit was hit
# Possible solutions:
#   Reduce memory load on the system
#   Increase physical memory or swap space
#   Check if swap backing store is full
#   Use 64 bit Java on a 64 bit OS
#   Decrease Java heap size (-Xmx/-Xms)
#   Decrease number of Java threads
#   Decrease Java thread stack sizes (-Xss)
#   Set larger code cache with -XX:ReservedCodeCacheSize=
# This output file may be truncated or incomplete.
#
#  Out of Memory Error (allocation.cpp:323), pid=15696, tid=16256
#
# JRE version: Java(TM) SE Runtime Environment (7.0_79-b15) (build 1.7.0_79-b15)
# Java VM: Java HotSpot(TM) 64-Bit Server VM (24.79-b02 mixed mode windows-amd64 compressed oops)
# Failed to write core dump. Minidumps are not enabled by default on client versions of Windows
#

---------------  T H R E A D  ---------------

Current thread (0x000000000b0b5800):  JavaThread "C2 CompilerThread0" daemon [_thread_in_native, id=16256, stack(0x000000000c640000,0x000000000c740000)]

Stack: [0x000000000c640000,0x000000000c740000]

Current CompileTask:
C2:   2013  165             com.android.dx.ssa.NormalSsaInsn::mapSourceRegisters (48 bytes)


---------------  P R O C E S S  ---------------

Java Threads: ( => current thread )
  0x000000000cc40000 JavaThread "pool-2-thread-4" [_thread_blocked, id=9516, stack(0x000000000d240000,0x000000000d340000)]
  0x000000000cc3f000 JavaThread "pool-2-thread-3" [_thread_blocked, id=6708, stack(0x000000000d140000,0x000000000d240000)]
  0x000000000cc47000 JavaThread "pool-2-thread-2" [_thread_in_Java, id=5480, stack(0x000000000d040000,0x000000000d140000)]
  0x000000000b12e800 JavaThread "pool-3-thread-1" [_thread_blocked, id=16720, stack(0x000000000cf40000,0x000000000d040000)]
  0x000000000b0ff800 JavaThread "pool-2-thread-1" [_thread_blocked, id=5940, stack(0x000000000ce40000,0x000000000cf40000)]
  0x000000000b0ca000 JavaThread "Service Thread" daemon [_thread_blocked, id=15012, stack(0x000000000c840000,0x000000000c940000)]
  0x000000000b0b7800 JavaThread "C2 CompilerThread1" daemon [_thread_in_native, id=13692, stack(0x000000000c740000,0x000000000c840000)]
=>0x000000000b0b5800 JavaThread "C2 CompilerThread0" daemon [_thread_in_native, id=16256, stack(0x000000000c640000,0x000000000c740000)]
  0x000000000b0b4800 JavaThread "Attach Listener" daemon [_thread_blocked, id=10872, stack(0x000000000c540000,0x000000000c640000)]
  0x000000000b0b1800 JavaThread "Signal Dispatcher" daemon [_thread_blocked, id=9220, stack(0x000000000c440000,0x000000000c540000)]
  0x000000000b079800 JavaThread "Finalizer" daemon [_thread_blocked, id=12292, stack(0x000000000c340000,0x000000000c440000)]
  0x000000000b076800 JavaThread "Reference Handler" daemon [_thread_blocked, id=5068, stack(0x000000000c240000,0x000000000c340000)]
  0x00000000050fe800 JavaThread "main" [_thread_in_Java, id=10468, stack(0x0000000004f60000,0x0000000005060000)]

Other Threads:
  0x000000000b072800 VMThread [stack: 0x000000000c140000,0x000000000c240000] [id=10944]
  0x000000000b0d4000 WatcherThread [stack: 0x000000000c940000,0x000000000ca40000] [id=16168]

VM state:not at safepoint (normal execution)

VM Mutex/Monitor currently owned by a thread: None

Heap
 PSYoungGen      total 37376K, used 9349K [0x00000000eaa80000, 0x00000000ed400000, 0x0000000100000000)
  eden space 32256K, 13% used [0x00000000eaa80000,0x00000000eaebf658,0x00000000eca00000)
  from space 5120K, 97% used [0x00000000eca00000,0x00000000ecee1e00,0x00000000ecf00000)
  to   space 5120K, 0% used [0x00000000ecf00000,0x00000000ecf00000,0x00000000ed400000)
 ParOldGen       total 83968K, used 8K [0x00000000c0000000, 0x00000000c5200000, 0x00000000eaa80000)
  object space 83968K, 0% used [0x00000000c0000000,0x00000000c0002000,0x00000000c5200000)
 PSPermGen       total 21504K, used 5755K [0x00000000bae00000, 0x00000000bc300000, 0x00000000c0000000)
  object space 21504K, 26% used [0x00000000bae00000,0x00000000bb39ed38,0x00000000bc300000)

Card table byte_map: [0x00000000082e0000,0x0000000008510000] byte_map_base: 0x0000000007d09000

Polling page: 0x00000000037a0000

Code Cache  [0x0000000005220000, 0x0000000005490000, 0x0000000008220000)
 total_blobs=400 nmethods=163 adapters=189 free_code_cache=48511Kb largest_free_block=49655552

Compilation events (10 events):
Event: 1.963 Thread 0x000000000b0b5800 nmethod 158 0x00000000052b09d0 code [0x00000000052b0b40, 0x00000000052b0dd8]
Event: 1.970 Thread 0x000000000b0b5800  161             com.android.dx.ssa.DeadCodeRemover::hasSideEffect (11 bytes)
Event: 1.974 Thread 0x000000000b0b5800 nmethod 161 0x00000000052b03d0 code [0x00000000052b0520, 0x00000000052b06b8]
Event: 1.980 Thread 0x000000000b0b5800  162             java.util.Arrays::copyOf (47 bytes)
Event: 1.983 Thread 0x000000000b0b5800 nmethod 162 0x00000000052aff90 code [0x00000000052b00e0, 0x00000000052b0278]
Event: 1.983 Thread 0x000000000b0b5800  163             java.util.Arrays::copyOf (13 bytes)
Event: 1.986 Thread 0x000000000b0b5800 nmethod 163 0x00000000052bfd50 code [0x00000000052bfe80, 0x00000000052c0018]
Event: 1.986 Thread 0x000000000b0b5800  164             java.util.BitSet::or (105 bytes)
Event: 1.994 Thread 0x000000000b0b5800 nmethod 164 0x00000000052bf790 code [0x00000000052bf8e0, 0x00000000052bfb28]
Event: 1.994 Thread 0x000000000b0b5800  165             com.android.dx.ssa.NormalSsaInsn::mapSourceRegisters (48 bytes)

GC Heap History (2 events):
Event: 1.856 GC heap before
{Heap before GC invocations=1 (full 0):
 PSYoungGen      total 37376K, used 32256K [0x00000000eaa80000, 0x00000000ed400000, 0x0000000100000000)
  eden space 32256K, 100% used [0x00000000eaa80000,0x00000000eca00000,0x00000000eca00000)
  from space 5120K, 0% used [0x00000000ecf00000,0x00000000ecf00000,0x00000000ed400000)
  to   space 5120K, 0% used [0x00000000eca00000,0x00000000eca00000,0x00000000ecf00000)
 ParOldGen       total 83968K, used 0K [0x00000000c0000000, 0x00000000c5200000, 0x00000000eaa80000)
  object space 83968K, 0% used [0x00000000c0000000,0x00000000c0000000,0x00000000c5200000)
 PSPermGen       total 21504K, used 5729K [0x00000000bae00000, 0x00000000bc300000, 0x00000000c0000000)
  object space 21504K, 26% used [0x00000000bae00000,0x00000000bb398768,0x00000000bc300000)
Event: 1.897 GC heap after
Heap after GC invocations=1 (full 0):
 PSYoungGen      total 37376K, used 4999K [0x00000000eaa80000, 0x00000000ed400000, 0x0000000100000000)
  eden space 32256K, 0% used [0x00000000eaa80000,0x00000000eaa80000,0x00000000eca00000)
  from space 5120K, 97% used [0x00000000eca00000,0x00000000ecee1e00,0x00000000ecf00000)
  to   space 5120K, 0% used [0x00000000ecf00000,0x00000000ecf00000,0x00000000ed400000)
 ParOldGen       total 83968K, used 8K [0x00000000c0000000, 0x00000000c5200000, 0x00000000eaa80000)
  object space 83968K, 0% used [0x00000000c0000000,0x00000000c0002000,0x00000000c5200000)
 PSPermGen       total 21504K, used 5729K [0x00000000bae00000, 0x00000000bc300000, 0x00000000c0000000)
  object space 21504K, 26% used [0x00000000bae00000,0x00000000bb398768,0x00000000bc300000)
}

Deoptimization events (3 events):
Event: 1.445 Thread 0x000000000cc40000 Uncommon trap: reason=class_check action=maybe_recompile pc=0x000000000529b574 method=com.android.dx.ssa.NormalSsaInsn.accept(Lcom/android/dx/ssa/SsaInsn$Visitor;)V @ 9
Event: 1.612 Thread 0x000000000cc3f000 Uncommon trap: reason=null_check action=make_not_entrant pc=0x00000000052a64cc method=com.android.dx.rop.code.LocalItem.equals(Ljava/lang/Object;)Z @ 1
Event: 1.616 Thread 0x000000000cc3f000 Uncommon trap: reason=class_check action=maybe_recompile pc=0x000000000529b574 method=com.android.dx.ssa.NormalSsaInsn.accept(Lcom/android/dx/ssa/SsaInsn$Visitor;)V @ 9

Internal exceptions (10 events):
Event: 1.339 Thread 0x000000000cc3f000 Threw 0x00000000ec0d2ab8 at C:\re\jdk7u79\2331\hotspot\src\share\vm\prims\jvm.cpp:1304
Event: 1.350 Thread 0x00000000050fe800 Threw 0x00000000ec1e7d08 at C:\re\jdk7u79\2331\hotspot\src\share\vm\prims\jvm.cpp:1304
Event: 1.365 Thread 0x000000000cc40000 Threw 0x00000000ec17d760 at C:\re\jdk7u79\2331\hotspot\src\share\vm\prims\jvm.cpp:1304
Event: 1.366 Thread 0x000000000cc40000 Threw 0x00000000ec182fa8 at C:\re\jdk7u79\2331\hotspot\src\share\vm\prims\jvm.cpp:1304
Event: 1.367 Thread 0x000000000cc40000 Threw 0x00000000ec1884d0 at C:\re\jdk7u79\2331\hotspot\src\share\vm\prims\jvm.cpp:1304
Event: 1.379 Thread 0x000000000cc3f000 Threw 0x00000000ec101c00 at C:\re\jdk7u79\2331\hotspot\src\share\vm\prims\jvm.cpp:1304
Event: 1.419 Thread 0x00000000050fe800 Threw 0x00000000ec2231b0 at C:\re\jdk7u79\2331\hotspot\src\share\vm\prims\jvm.cpp:1304
Event: 1.419 Thread 0x00000000050fe800 Threw 0x00000000ec225578 at C:\re\jdk7u79\2331\hotspot\src\share\vm\prims\jvm.cpp:1304
Event: 1.612 Thread 0x000000000cc3f000 Implicit null exception at 0x00000000052a60e8 to 0x00000000052a64b9
Event: 1.694 Thread 0x00000000050fe800 Threw 0x00000000ec79b080 at C:\re\jdk7u79\2331\hotspot\src\share\vm\prims\jvm.cpp:1304

Events (10 events):
Event: 1.612 Thread 0x000000000cc3f000 Uncommon trap: trap_request=0xfffffff4 fr.pc=0x00000000052a64cc
Event: 1.612 Thread 0x000000000cc3f000 DEOPT PACKING pc=0x00000000052a64cc sp=0x000000000d23e770
Event: 1.612 Thread 0x000000000cc3f000 DEOPT UNPACKING pc=0x00000000052575a4 sp=0x000000000d23e6b0 mode 2
Event: 1.616 Thread 0x000000000cc3f000 Uncommon trap: trap_request=0xffffffde fr.pc=0x000000000529b574
Event: 1.616 Thread 0x000000000cc3f000 DEOPT PACKING pc=0x000000000529b574 sp=0x000000000d23e820
Event: 1.616 Thread 0x000000000cc3f000 DEOPT UNPACKING pc=0x00000000052575a4 sp=0x000000000d23e770 mode 2
Event: 1.694 loading class 0x000000000ccb6da0
Event: 1.694 loading class 0x000000000ccb6da0 done
Event: 1.856 Executing VM operation: ParallelGCFailedAllocation
Event: 1.897 Executing VM operation: ParallelGCFailedAllocation done


Dynamic libraries:
0x00007ff6c7fc0000 - 0x00007ff6c7ff3000 	C:\Program Files\Java\jdk1.7.0_79\bin\java.exe
0x00007ffe29dd0000 - 0x00007ffe29fb0000 	C:\WINDOWS\SYSTEM32\ntdll.dll
0x00007ffe29aa0000 - 0x00007ffe29b4e000 	C:\WINDOWS\System32\KERNEL32.DLL
0x00007ffe26cd0000 - 0x00007ffe26f36000 	C:\WINDOWS\System32\KERNELBASE.dll
0x00007ffe27830000 - 0x00007ffe278d1000 	C:\WINDOWS\System32\ADVAPI32.dll
0x00007ffe27d30000 - 0x00007ffe27dcd000 	C:\WINDOWS\System32\msvcrt.dll
0x00007ffe27fd0000 - 0x00007ffe2802b000 	C:\WINDOWS\System32\sechost.dll
0x00007ffe27500000 - 0x00007ffe2761f000 	C:\WINDOWS\System32\RPCRT4.dll
0x00007ffe272a0000 - 0x00007ffe2742f000 	C:\WINDOWS\System32\USER32.dll
0x00007ffe27200000 - 0x00007ffe27220000 	C:\WINDOWS\System32\win32u.dll
0x00007ffe27fa0000 - 0x00007ffe27fc8000 	C:\WINDOWS\System32\GDI32.dll
0x00007ffe262e0000 - 0x00007ffe26473000 	C:\WINDOWS\System32\gdi32full.dll
0x00007ffe26f90000 - 0x00007ffe2702b000 	C:\WINDOWS\System32\msvcp_win.dll
0x00007ffe26480000 - 0x00007ffe26576000 	C:\WINDOWS\System32\ucrtbase.dll
0x00007ffe155f0000 - 0x00007ffe15859000 	C:\WINDOWS\WinSxS\amd64_microsoft.windows.common-controls_6595b64144ccf1df_6.0.16299.492_none_15c8d3609364b9b0\COMCTL32.dll
0x00007ffe28340000 - 0x00007ffe28647000 	C:\WINDOWS\System32\combase.dll
0x00007ffe27220000 - 0x00007ffe27292000 	C:\WINDOWS\System32\bcryptPrimitives.dll
0x00007ffe274b0000 - 0x00007ffe274dd000 	C:\WINDOWS\System32\IMM32.DLL
0x00000000673d0000 - 0x00000000674a2000 	C:\Program Files\Java\jdk1.7.0_79\jre\bin\msvcr100.dll
0x0000000064ec0000 - 0x0000000065695000 	C:\Program Files\Java\jdk1.7.0_79\jre\bin\server\jvm.dll
0x00007ffe29d90000 - 0x00007ffe29d98000 	C:\WINDOWS\System32\PSAPI.DLL
0x00007ffe14dd0000 - 0x00007ffe14dd9000 	C:\WINDOWS\SYSTEM32\WSOCK32.dll
0x00007ffe27f30000 - 0x00007ffe27f9c000 	C:\WINDOWS\System32\WS2_32.dll
0x00007ffe1bb50000 - 0x00007ffe1bb73000 	C:\WINDOWS\SYSTEM32\WINMM.dll
0x00007ffe1bb20000 - 0x00007ffe1bb4a000 	C:\WINDOWS\SYSTEM32\WINMMBASE.dll
0x00007ffe26f40000 - 0x00007ffe26f8a000 	C:\WINDOWS\System32\cfgmgr32.dll
0x0000000067dc0000 - 0x0000000067dcf000 	C:\Program Files\Java\jdk1.7.0_79\jre\bin\verify.dll
0x00000000673a0000 - 0x00000000673c8000 	C:\Program Files\Java\jdk1.7.0_79\jre\bin\java.dll
0x0000000067380000 - 0x0000000067395000 	C:\Program Files\Java\jdk1.7.0_79\jre\bin\zip.dll
0x0000000064ea0000 - 0x0000000064eba000 	C:\Program Files\Java\jdk1.7.0_79\jre\bin\net.dll
0x00007ffe259b0000 - 0x00007ffe25a16000 	C:\WINDOWS\system32\mswsock.dll
0x0000000064e80000 - 0x0000000064e91000 	C:\Program Files\Java\jdk1.7.0_79\jre\bin\nio.dll

VM Arguments:
jvm_args: -Djava.awt.headless=true -Xmx1024M -Dfile.encoding=windows-1252 -Duser.country=US -Duser.language=en -Duser.variant 
java_command: com.android.dx.command.Main --dex --force-jumbo --num-threads=4 --multi-dex --output C:\Drives\Study\Clemson\Android_Apps\CVDemoApp\app\build\intermediates\transforms\dex\debug\folders\1000\10\com.android.support-support-v4-23.4.0_257a5f2b61ea07ec5e8ef6877f048172c8e2de2a C:\Drives\Study\Clemson\Android_Apps\CVDemoApp\app\build\intermediates\exploded-aar\com.android.support\support-v4\23.4.0\jars\classes.jar
Launcher Type: SUN_STANDARD

Environment Variables:
PATH=C:\ProgramData\Oracle\Java\javapath;C:\Program Files (x86)\Intel\iCLS Client\;C:\Program Files\Intel\iCLS Client\;C:\WINDOWS\system32;C:\WINDOWS;C:\WINDOWS\System32\Wbem;C:\WINDOWS\System32\WindowsPowerShell\v1.0\;C:\Program Files\Intel\Intel(R) Management Engine Components\DAL;C:\Program Files (x86)\Intel\Intel(R) Management Engine Components\DAL;C:\Program Files\Intel\Intel(R) Management Engine Components\IPT;C:\Program Files (x86)\Intel\Intel(R) Management Engine Components\IPT;C:\Program Files\Intel\WiFi\bin\;C:\Program Files\Common Files\Intel\WirelessCommon\;C:\Program Files (x86)\Common Files\Lenovo;C:\Program Files (x86)\Common Files\lenovo\easyplussdk\bin;C:\ProgramData\Lenovo\ReadyApps;C:\Program Files (x86)\PharosSystems\Core;C:\Program Files\Microsoft SQL Server\130\Tools\Binn\;C:\Program Files\Git\cmd;C:\Program Files (x86)\GNU\GnuPG\pub;C:\Users\Mahfuz\src\sumo-0.25.0\bin;C:\Users\Mahfuz\src\sumo-0.25.0\tools;C:\Program Files (x86)\DLR\Sumo\bin\;C:\Program Files (x86)\DLR\Sumo\tools\;C:\Program Files\PuTTY\;C:\Program Files (x86)\Skype\Phone\;OPENCV_DIR\bin;C:\TDM-GCC-64\bin;C:\MinGW\bin;C:\WINDOWS\system32\config\systemprofile\.dnx\bin;C:\Program Files\Microsoft DNX\Dnvm\;C:\Program Files (x86)\SSH Communications Security\SSH Secure Shell;C:\Python27\Scripts;C:\Users\Mahfuz\AppData\Local\Microsoft\WindowsApps;C:\Users\Mahfuz\Documents\Anaconda;C:\Users\Mahfuz\Documents\Anaconda\Scripts;C:\opencv\build\x64\vc14\bin;C:\MinGW\bin;
USERNAME=mdmhafi
OS=Windows_NT
PROCESSOR_IDENTIFIER=Intel64 Family 6 Model 69 Stepping 1, GenuineIntel



---------------  S Y S T E M  ---------------

OS: Windows 8.1 , 64 bit Build 9600 

CPU:total 4 (2 cores per cpu, 2 threads per core) family 6 model 69 stepping 1, cmov, cx8, fxsr, mmx, sse, sse2, sse3, ssse3, sse4.1, sse4.2, popcnt, avx, avx2, aes, erms, ht, tsc, tscinvbit

Memory: 4k page, physical 8079644k(1158008k free), swap 8079644k(6252k free)

vm_info: Java HotSpot(TM) 64-Bit Server VM (24.79-b02) for windows-amd64 JRE (1.7.0_79-b15), built on Apr 10 2015 12:36:16 by "java_re" with unknown MS VC++:1600

time: Sun Jun 17 18:24:49 2018
elapsed time: 2 seconds

